# JRE version: Java(TM) SE Runtime Environment (17.0.1+12) (build 17.0.1+12-LTS-39)
# Java VM: Java HotSpot(TM) 64-Bit Server VM (17.0.1+12-LTS-39, mixed mode, sharing, tiered, compressed oops, compressed class ptrs, g1 gc, windows-amd64)
GC Precious Log:
 CPUs: 8 total, 8 available
 Memory: 7957M
 Large Page Support: Disabled
 NUMA Support: Disabled
 Compressed Oops: Enabled (32-bit)
 Heap Region Size: 1M
 Heap Min Capacity: 8M
 Heap Initial Capacity: 126M
 Heap Max Capacity: 1990M
 Pre-touch: Disabled
 Parallel Workers: 8
 Concurrent Workers: 2
 Concurrent Refinement Workers: 8
 Periodic GC: Disabled
Heap:
 garbage-first heap   total 71680K, used 36667K [0x0000000083a00000, 0x0000000100000000)
  region size 1024K, 14 young (14336K), 3 survivors (3072K)
 Metaspace       used 62269K, committed 62656K, reserved 1105920K
  class space    used 8299K, committed 8512K, reserved 1048576K
GC Heap History (20 events):
Event: 2.985 GC heap before
{Heap before GC invocations=5 (full 0):
 garbage-first heap   total 51200K, used 36542K [0x0000000083a00000, 0x0000000100000000)
  region size 1024K, 30 young (30720K), 6 survivors (6144K)
 Metaspace       used 25675K, committed 25984K, reserved 1073152K
  class space    used 3245K, committed 3392K, reserved 1048576K
}
Event: 2.997 GC heap after
{Heap after GC invocations=6 (full 0):
 garbage-first heap   total 51200K, used 15069K [0x0000000083a00000, 0x0000000100000000)
  region size 1024K, 4 young (4096K), 4 survivors (4096K)
 Metaspace       used 25675K, committed 25984K, reserved 1073152K
  class space    used 3245K, committed 3392K, reserved 1048576K
}
Event: 3.000 GC heap before
{Heap before GC invocations=6 (full 0):
 garbage-first heap   total 51200K, used 34525K [0x0000000083a00000, 0x0000000100000000)
  region size 1024K, 24 young (24576K), 4 survivors (4096K)
 Metaspace       used 25675K, committed 25984K, reserved 1073152K
  class space    used 3245K, committed 3392K, reserved 1048576K
}
Event: 3.004 GC heap after
{Heap after GC invocations=7 (full 0):
 garbage-first heap   total 51200K, used 15003K [0x0000000083a00000, 0x0000000100000000)
  region size 1024K, 1 young (1024K), 1 survivors (1024K)
 Metaspace       used 25675K, committed 25984K, reserved 1073152K
  class space    used 3245K, committed 3392K, reserved 1048576K
}
Event: 3.123 GC heap before
{Heap before GC invocations=7 (full 0):
 garbage-first heap   total 51200K, used 35483K [0x0000000083a00000, 0x0000000100000000)
  region size 1024K, 22 young (22528K), 1 survivors (1024K)
 Metaspace       used 26267K, committed 26560K, reserved 1073152K
  class space    used 3320K, committed 3456K, reserved 1048576K
}
Event: 3.126 GC heap after
{Heap after GC invocations=8 (full 0):
 garbage-first heap   total 51200K, used 15667K [0x0000000083a00000, 0x0000000100000000)
  region size 1024K, 1 young (1024K), 1 survivors (1024K)
 Metaspace       used 26267K, committed 26560K, reserved 1073152K
  class space    used 3320K, committed 3456K, reserved 1048576K
}
Event: 3.515 GC heap before
{Heap before GC invocations=8 (full 0):
 garbage-first heap   total 51200K, used 38195K [0x0000000083a00000, 0x0000000100000000)
  region size 1024K, 23 young (23552K), 1 survivors (1024K)
 Metaspace       used 30944K, committed 31232K, reserved 1081344K
  class space    used 4031K, committed 4160K, reserved 1048576K
}
Event: 3.519 GC heap after
{Heap after GC invocations=9 (full 0):
 garbage-first heap   total 116736K, used 16777K [0x0000000083a00000, 0x0000000100000000)
  region size 1024K, 2 young (2048K), 2 survivors (2048K)
 Metaspace       used 30944K, committed 31232K, reserved 1081344K
  class space    used 4031K, committed 4160K, reserved 1048576K
}
Event: 3.776 GC heap before
{Heap before GC invocations=9 (full 0):
 garbage-first heap   total 116736K, used 29065K [0x0000000083a00000, 0x0000000100000000)
  region size 1024K, 15 young (15360K), 2 survivors (2048K)
 Metaspace       used 35668K, committed 35968K, reserved 1081344K
  class space    used 4675K, committed 4864K, reserved 1048576K
}
Event: 3.781 GC heap after
{Heap after GC invocations=10 (full 0):
 garbage-first heap   total 116736K, used 18600K [0x0000000083a00000, 0x0000000100000000)
  region size 1024K, 4 young (4096K), 4 survivors (4096K)
 Metaspace       used 35668K, committed 35968K, reserved 1081344K
  class space    used 4675K, committed 4864K, reserved 1048576K
}
Event: 4.351 GC heap before
{Heap before GC invocations=11 (full 0):
 garbage-first heap   total 71680K, used 57512K [0x0000000083a00000, 0x0000000100000000)
  region size 1024K, 42 young (43008K), 4 survivors (4096K)
 Metaspace       used 44713K, committed 44992K, reserved 1089536K
  class space    used 5857K, committed 5952K, reserved 1048576K
}
Event: 4.358 GC heap after
{Heap after GC invocations=12 (full 0):
 garbage-first heap   total 71680K, used 20607K [0x0000000083a00000, 0x0000000100000000)
  region size 1024K, 5 young (5120K), 5 survivors (5120K)
 Metaspace       used 44713K, committed 44992K, reserved 1089536K
  class space    used 5857K, committed 5952K, reserved 1048576K
}
Event: 4.947 GC heap before
{Heap before GC invocations=12 (full 0):
 garbage-first heap   total 71680K, used 55423K [0x0000000083a00000, 0x0000000100000000)
  region size 1024K, 39 young (39936K), 5 survivors (5120K)
 Metaspace       used 51251K, committed 51584K, reserved 1097728K
  class space    used 6853K, committed 7040K, reserved 1048576K
}
Event: 4.956 GC heap after
{Heap after GC invocations=13 (full 0):
 garbage-first heap   total 71680K, used 22854K [0x0000000083a00000, 0x0000000100000000)
  region size 1024K, 5 young (5120K), 5 survivors (5120K)
 Metaspace       used 51251K, committed 51584K, reserved 1097728K
  class space    used 6853K, committed 7040K, reserved 1048576K
}
Event: 5.373 GC heap before
{Heap before GC invocations=13 (full 0):
 garbage-first heap   total 71680K, used 54598K [0x0000000083a00000, 0x0000000100000000)
  region size 1024K, 36 young (36864K), 5 survivors (5120K)
 Metaspace       used 54590K, committed 54912K, reserved 1097728K
  class space    used 7327K, committed 7488K, reserved 1048576K
}
Event: 5.377 GC heap after
{Heap after GC invocations=14 (full 0):
 garbage-first heap   total 71680K, used 24707K [0x0000000083a00000, 0x0000000100000000)
  region size 1024K, 5 young (5120K), 5 survivors (5120K)
 Metaspace       used 54590K, committed 54912K, reserved 1097728K
  class space    used 7327K, committed 7488K, reserved 1048576K
}
Event: 14.969 GC heap before
{Heap before GC invocations=14 (full 0):
 garbage-first heap   total 71680K, used 55427K [0x0000000083a00000, 0x0000000100000000)
  region size 1024K, 35 young (35840K), 5 survivors (5120K)
 Metaspace       used 59235K, committed 59648K, reserved 1105920K
  class space    used 7921K, committed 8128K, reserved 1048576K
}
Event: 14.974 GC heap after
{Heap after GC invocations=15 (full 0):
 garbage-first heap   total 71680K, used 27064K [0x0000000083a00000, 0x0000000100000000)
  region size 1024K, 5 young (5120K), 5 survivors (5120K)
 Metaspace       used 59235K, committed 59648K, reserved 1105920K
  class space    used 7921K, committed 8128K, reserved 1048576K
}
Event: 15.027 GC heap before
{Heap before GC invocations=15 (full 0):
 garbage-first heap   total 71680K, used 29112K [0x0000000083a00000, 0x0000000100000000)
  region size 1024K, 8 young (8192K), 5 survivors (5120K)
 Metaspace       used 59930K, committed 60288K, reserved 1105920K
  class space    used 8018K, committed 8192K, reserved 1048576K
}
Event: 15.031 GC heap after
{Heap after GC invocations=16 (full 0):
 garbage-first heap   total 71680K, used 27451K [0x0000000083a00000, 0x0000000100000000)
  region size 1024K, 3 young (3072K), 3 survivors (3072K)
 Metaspace       used 59930K, committed 60288K, reserved 1105920K
  class space    used 8018K, committed 8192K, reserved 1048576K
}

